This is pdfTeX, Version 3.141592653-2.6-1.40.26 (TeX Live 2024) (preloaded format=pdflatex 2024.4.15)  27 JUN 2024 18:45
entering extended mode
 restricted \write18 enabled.
 file:line:error style messages enabled.
 %&-line parsing enabled.
**"g:/Meine Ablage/Studium/Master/Semester/1. Semester/Grundlagen der Blockchain-Technologie/Abgaben_Blockchain_Technologie/Grundlagen-der-Blockchain-Technologie/Uebungsblatt6/Luis_Goerdes_Abgabe_Uebungsblatt6.tex"
(g:/Meine Ablage/Studium/Master/Semester/1. Semester/Grundlagen der Blockchain-Technologie/Abgaben_Blockchain_Technologie/Grundlagen-der-Blockchain-Technologie/Uebungsblatt6/Luis_Goerdes_Abgabe_Uebungsblatt6.tex
LaTeX2e <2023-11-01> patch level 1
L3 programming layer <2024-03-14>
(../uebung.cls

LaTeX Warning: You have requested document class `../uebung',
               but the document class provides `uebung'.

Document Class: uebung 2008/11/12 v0.00001455745
(c:/texlive/2024/texmf-dist/tex/latex/base/article.cls
Document Class: article 2023/05/17 v1.4n Standard LaTeX document class
(c:/texlive/2024/texmf-dist/tex/latex/base/size11.clo
File: size11.clo 2023/05/17 v1.4n Standard LaTeX file (size option)
)
\c@part=\count188
\c@section=\count189
\c@subsection=\count190
\c@subsubsection=\count191
\c@paragraph=\count192
\c@subparagraph=\count193
\c@figure=\count194
\c@table=\count195
\abovecaptionskip=\skip48
\belowcaptionskip=\skip49
\bibindent=\dimen140
) (c:/texlive/2024/texmf-dist/tex/generic/german/ngerman.sty v2.5e 1998-07-08
Package: ngerman 1998/07/08 v2.5e Support for writing german texts (br)
\grmnU@D=\dimen141
ngerman -- \language number for naustrian undefined, default 36 used.
) (c:/texlive/2024/texmf-dist/tex/latex/base/inputenc.sty
Package: inputenc 2021/02/14 v1.3d Input encoding file
\inpenc@prehook=\toks17
\inpenc@posthook=\toks18
) (c:/texlive/2024/texmf-dist/tex/latex/base/fontenc.sty
Package: fontenc 2021/04/29 v2.0v Standard LaTeX package
) (c:/texlive/2024/texmf-dist/tex/latex/geometry/geometry.sty
Package: geometry 2020/01/02 v5.9 Page Geometry
 (c:/texlive/2024/texmf-dist/tex/latex/graphics/keyval.sty
Package: keyval 2022/05/29 v1.15 key=value parser (DPC)
\KV@toks@=\toks19
) (c:/texlive/2024/texmf-dist/tex/generic/iftex/ifvtex.sty
Package: ifvtex 2019/10/25 v1.7 ifvtex legacy package. Use iftex instead.
 (c:/texlive/2024/texmf-dist/tex/generic/iftex/iftex.sty
Package: iftex 2022/02/03 v1.0f TeX engine tests
))
\Gm@cnth=\count196
\Gm@cntv=\count197
\c@Gm@tempcnt=\count198
\Gm@bindingoffset=\dimen142
\Gm@wd@mp=\dimen143
\Gm@odd@mp=\dimen144
\Gm@even@mp=\dimen145
\Gm@layoutwidth=\dimen146
\Gm@layoutheight=\dimen147
\Gm@layouthoffset=\dimen148
\Gm@layoutvoffset=\dimen149
\Gm@dimlist=\toks20
) (c:/texlive/2024/texmf-dist/tex/latex/graphics/graphicx.sty
Package: graphicx 2021/09/16 v1.2d Enhanced LaTeX Graphics (DPC,SPQR)
 (c:/texlive/2024/texmf-dist/tex/latex/graphics/graphics.sty
Package: graphics 2022/03/10 v1.4e Standard LaTeX Graphics (DPC,SPQR)
 (c:/texlive/2024/texmf-dist/tex/latex/graphics/trig.sty
Package: trig 2021/08/11 v1.11 sin cos tan (DPC)
) (c:/texlive/2024/texmf-dist/tex/latex/graphics-cfg/graphics.cfg
File: graphics.cfg 2016/06/04 v1.11 sample graphics configuration
)
Package graphics Info: Driver file: pdftex.def on input line 107.
 (c:/texlive/2024/texmf-dist/tex/latex/graphics-def/pdftex.def
File: pdftex.def 2022/09/22 v1.2b Graphics/color driver for pdftex
))
\Gin@req@height=\dimen150
\Gin@req@width=\dimen151
) (c:/texlive/2024/texmf-dist/tex/latex/fancyhdr/fancyhdr.sty
Package: fancyhdr 2022/11/09 v4.1 Extensive control of page headers and footers
\f@nch@headwidth=\skip50
\f@nch@O@elh=\skip51
\f@nch@O@erh=\skip52
\f@nch@O@olh=\skip53
\f@nch@O@orh=\skip54
\f@nch@O@elf=\skip55
\f@nch@O@erf=\skip56
\f@nch@O@olf=\skip57
\f@nch@O@orf=\skip58
) (c:/texlive/2024/texmf-dist/tex/latex/lastpage/lastpage.sty
Package: lastpage 2023/10/14 v2.0e lastpage: 2.09 or 2e? (HMM)
 (c:/texlive/2024/texmf-dist/tex/latex/lastpage/lastpage2e.sty
Package: lastpage2e 2023/10/14 v2.0e Decide which 2e lastpage version to use (HMM)
 (c:/texlive/2024/texmf-dist/tex/latex/lastpage/lastpagemodern.sty
Package: lastpagemodern 2023-10-14 v2.0e Refers to last page's name (HMM; JPG)
\c@lastpagecount=\count199
) 
)) (c:/texlive/2024/texmf-dist/tex/latex/amsmath/amsmath.sty
Package: amsmath 2023/05/13 v2.17o AMS math features
\@mathmargin=\skip59

For additional information on amsmath, use the `?' option.
(c:/texlive/2024/texmf-dist/tex/latex/amsmath/amstext.sty
Package: amstext 2021/08/26 v2.01 AMS text
 (c:/texlive/2024/texmf-dist/tex/latex/amsmath/amsgen.sty
File: amsgen.sty 1999/11/30 v2.0 generic functions
\@emptytoks=\toks21
\ex@=\dimen152
)) (c:/texlive/2024/texmf-dist/tex/latex/amsmath/amsbsy.sty
Package: amsbsy 1999/11/29 v1.2d Bold Symbols
\pmbraise@=\dimen153
) (c:/texlive/2024/texmf-dist/tex/latex/amsmath/amsopn.sty
Package: amsopn 2022/04/08 v2.04 operator names
)
\inf@bad=\count266
LaTeX Info: Redefining \frac on input line 234.
\uproot@=\count267
\leftroot@=\count268
LaTeX Info: Redefining \overline on input line 399.
LaTeX Info: Redefining \colon on input line 410.
\classnum@=\count269
\DOTSCASE@=\count270
LaTeX Info: Redefining \ldots on input line 496.
LaTeX Info: Redefining \dots on input line 499.
LaTeX Info: Redefining \cdots on input line 620.
\Mathstrutbox@=\box51
\strutbox@=\box52
LaTeX Info: Redefining \big on input line 722.
LaTeX Info: Redefining \Big on input line 723.
LaTeX Info: Redefining \bigg on input line 724.
LaTeX Info: Redefining \Bigg on input line 725.
\big@size=\dimen154
LaTeX Font Info:    Redeclaring font encoding OML on input line 743.
LaTeX Font Info:    Redeclaring font encoding OMS on input line 744.
\macc@depth=\count271
LaTeX Info: Redefining \bmod on input line 905.
LaTeX Info: Redefining \pmod on input line 910.
LaTeX Info: Redefining \smash on input line 940.
LaTeX Info: Redefining \relbar on input line 970.
LaTeX Info: Redefining \Relbar on input line 971.
\c@MaxMatrixCols=\count272
\dotsspace@=\muskip16
\c@parentequation=\count273
\dspbrk@lvl=\count274
\tag@help=\toks22
\row@=\count275
\column@=\count276
\maxfields@=\count277
\andhelp@=\toks23
\eqnshift@=\dimen155
\alignsep@=\dimen156
\tagshift@=\dimen157
\tagwidth@=\dimen158
\totwidth@=\dimen159
\lineht@=\dimen160
\@envbody=\toks24
\multlinegap=\skip60
\multlinetaggap=\skip61
\mathdisplay@stack=\toks25
LaTeX Info: Redefining \[ on input line 2953.
LaTeX Info: Redefining \] on input line 2954.
) (c:/texlive/2024/texmf-dist/tex/latex/amsfonts/amsfonts.sty
Package: amsfonts 2013/01/14 v3.01 Basic AMSFonts support
\symAMSa=\mathgroup4
\symAMSb=\mathgroup5
LaTeX Font Info:    Redeclaring math symbol \hbar on input line 98.
LaTeX Font Info:    Overwriting math alphabet `\mathfrak' in version `bold'
(Font)                  U/euf/m/n --> U/euf/b/n on input line 106.
) (c:/texlive/2024/texmf-dist/tex/latex/amsfonts/amssymb.sty
Package: amssymb 2013/01/14 v3.01 AMS font symbols
) (c:/texlive/2024/texmf-dist/tex/latex/amscls/amsthm.sty
Package: amsthm 2020/05/29 v2.20.6
\thm@style=\toks26
\thm@bodyfont=\toks27
\thm@headfont=\toks28
\thm@notefont=\toks29
\thm@headpunct=\toks30
\thm@preskip=\skip62
\thm@postskip=\skip63
\thm@headsep=\skip64
\dth@everypar=\toks31
)) (./uebung-meta.sty) (c:/texlive/2024/texmf-dist/tex/latex/hyperref/hyperref.sty
Package: hyperref 2024-01-20 v7.01h Hypertext links for LaTeX
 (c:/texlive/2024/texmf-dist/tex/latex/kvsetkeys/kvsetkeys.sty
Package: kvsetkeys 2022-10-05 v1.19 Key value parser (HO)
) (c:/texlive/2024/texmf-dist/tex/generic/kvdefinekeys/kvdefinekeys.sty
Package: kvdefinekeys 2019-12-19 v1.6 Define keys (HO)
) (c:/texlive/2024/texmf-dist/tex/generic/pdfescape/pdfescape.sty
Package: pdfescape 2019/12/09 v1.15 Implements pdfTeX's escape features (HO)
 (c:/texlive/2024/texmf-dist/tex/generic/ltxcmds/ltxcmds.sty
Package: ltxcmds 2023-12-04 v1.26 LaTeX kernel commands for general use (HO)
) (c:/texlive/2024/texmf-dist/tex/generic/pdftexcmds/pdftexcmds.sty
Package: pdftexcmds 2020-06-27 v0.33 Utility functions of pdfTeX for LuaTeX (HO)
 (c:/texlive/2024/texmf-dist/tex/generic/infwarerr/infwarerr.sty
Package: infwarerr 2019/12/03 v1.5 Providing info/warning/error messages (HO)
)
Package pdftexcmds Info: \pdf@primitive is available.
Package pdftexcmds Info: \pdf@ifprimitive is available.
Package pdftexcmds Info: \pdfdraftmode found.
)) (c:/texlive/2024/texmf-dist/tex/latex/hycolor/hycolor.sty
Package: hycolor 2020-01-27 v1.10 Color options for hyperref/bookmark (HO)
) (c:/texlive/2024/texmf-dist/tex/latex/auxhook/auxhook.sty
Package: auxhook 2019-12-17 v1.6 Hooks for auxiliary files (HO)
) (c:/texlive/2024/texmf-dist/tex/latex/hyperref/nameref.sty
Package: nameref 2023-11-26 v2.56 Cross-referencing by name of section
 (c:/texlive/2024/texmf-dist/tex/latex/refcount/refcount.sty
Package: refcount 2019/12/15 v3.6 Data extraction from label references (HO)
) (c:/texlive/2024/texmf-dist/tex/generic/gettitlestring/gettitlestring.sty
Package: gettitlestring 2019/12/15 v1.6 Cleanup title references (HO)
 (c:/texlive/2024/texmf-dist/tex/latex/kvoptions/kvoptions.sty
Package: kvoptions 2022-06-15 v3.15 Key value format for package options (HO)
))
\c@section@level=\count278
) (c:/texlive/2024/texmf-dist/tex/latex/etoolbox/etoolbox.sty
Package: etoolbox 2020/10/05 v2.5k e-TeX tools for LaTeX (JAW)
\etb@tempcnta=\count279
)
\@linkdim=\dimen161
\Hy@linkcounter=\count280
\Hy@pagecounter=\count281
 (c:/texlive/2024/texmf-dist/tex/latex/hyperref/pd1enc.def
File: pd1enc.def 2024-01-20 v7.01h Hyperref: PDFDocEncoding definition (HO)
Now handling font encoding PD1 ...
... no UTF-8 mapping file for font encoding PD1
) (c:/texlive/2024/texmf-dist/tex/generic/intcalc/intcalc.sty
Package: intcalc 2019/12/15 v1.3 Expandable calculations with integers (HO)
)
\Hy@SavedSpaceFactor=\count282
 (c:/texlive/2024/texmf-dist/tex/latex/hyperref/puenc.def
File: puenc.def 2024-01-20 v7.01h Hyperref: PDF Unicode definition (HO)
Now handling font encoding PU ...
... no UTF-8 mapping file for font encoding PU
)
Package hyperref Info: Option `colorlinks' set `true' on input line 4062.
Package hyperref Info: Hyper figures OFF on input line 4179.
Package hyperref Info: Link nesting OFF on input line 4184.
Package hyperref Info: Hyper index ON on input line 4187.
Package hyperref Info: Plain pages OFF on input line 4194.
Package hyperref Info: Backreferencing OFF on input line 4199.
Package hyperref Info: Implicit mode ON; LaTeX internals redefined.
Package hyperref Info: Bookmarks ON on input line 4446.
\c@Hy@tempcnt=\count283
 (c:/texlive/2024/texmf-dist/tex/latex/url/url.sty
\Urlmuskip=\muskip17
Package: url 2013/09/16  ver 3.4  Verb mode for urls, etc.
)
LaTeX Info: Redefining \url on input line 4784.
\XeTeXLinkMargin=\dimen162
 (c:/texlive/2024/texmf-dist/tex/generic/bitset/bitset.sty
Package: bitset 2019/12/09 v1.3 Handle bit-vector datatype (HO)
 (c:/texlive/2024/texmf-dist/tex/generic/bigintcalc/bigintcalc.sty
Package: bigintcalc 2019/12/15 v1.5 Expandable calculations on big integers (HO)
))
\Fld@menulength=\count284
\Field@Width=\dimen163
\Fld@charsize=\dimen164
Package hyperref Info: Hyper figures OFF on input line 6063.
Package hyperref Info: Link nesting OFF on input line 6068.
Package hyperref Info: Hyper index ON on input line 6071.
Package hyperref Info: backreferencing OFF on input line 6078.
Package hyperref Info: Link coloring ON on input line 6081.
Package hyperref Info: Link coloring with OCG OFF on input line 6088.
Package hyperref Info: PDF/A mode OFF on input line 6093.
 (c:/texlive/2024/texmf-dist/tex/latex/base/atbegshi-ltx.sty
Package: atbegshi-ltx 2021/01/10 v1.0c Emulation of the original atbegshi
package with kernel methods
)
\Hy@abspage=\count285
\c@Item=\count286
\c@Hfootnote=\count287
)
Package hyperref Info: Driver (autodetected): hpdftex.
 (c:/texlive/2024/texmf-dist/tex/latex/hyperref/hpdftex.def
File: hpdftex.def 2024-01-20 v7.01h Hyperref driver for pdfTeX
 (c:/texlive/2024/texmf-dist/tex/latex/base/atveryend-ltx.sty
Package: atveryend-ltx 2020/08/19 v1.0a Emulation of the original atveryend package
with kernel methods
)
\Fld@listcount=\count288
\c@bookmark@seq@number=\count289
 (c:/texlive/2024/texmf-dist/tex/latex/rerunfilecheck/rerunfilecheck.sty
Package: rerunfilecheck 2022-07-10 v1.10 Rerun checks for auxiliary files (HO)
 (c:/texlive/2024/texmf-dist/tex/generic/uniquecounter/uniquecounter.sty
Package: uniquecounter 2019/12/15 v1.4 Provide unlimited unique counter (HO)
)
Package uniquecounter Info: New unique counter `rerunfilecheck' on input line 285.
)
\Hy@SectionHShift=\skip65
) (c:/texlive/2024/texmf-dist/tex/latex/listings/listings.sty
\lst@mode=\count290
\lst@gtempboxa=\box53
\lst@token=\toks32
\lst@length=\count291
\lst@currlwidth=\dimen165
\lst@column=\count292
\lst@pos=\count293
\lst@lostspace=\dimen166
\lst@width=\dimen167
\lst@newlines=\count294
\lst@lineno=\count295
\lst@maxwidth=\dimen168
 (c:/texlive/2024/texmf-dist/tex/latex/listings/lstpatch.sty
File: lstpatch.sty 2024/03/11 1.10a (Carsten Heinz)
) (c:/texlive/2024/texmf-dist/tex/latex/listings/lstmisc.sty
File: lstmisc.sty 2024/03/11 1.10a (Carsten Heinz)
\c@lstnumber=\count296
\lst@skipnumbers=\count297
\lst@framebox=\box54
) (c:/texlive/2024/texmf-dist/tex/latex/listings/listings.cfg
File: listings.cfg 2024/03/11 1.10a listings configuration
))
Package: listings 2024/03/11 1.10a (Carsten Heinz)
 (c:/texlive/2024/texmf-dist/tex/latex/l3backend/l3backend-pdftex.def
File: l3backend-pdftex.def 2024-03-14 L3 backend support: PDF output (pdfTeX)
\l__color_backend_stack_int=\count298
\l__pdf_internal_box=\box55
)
No file Luis_Goerdes_Abgabe_Uebungsblatt6.aux.
\openout1 = `Luis_Goerdes_Abgabe_Uebungsblatt6.aux'.

LaTeX Font Info:    Checking defaults for OML/cmm/m/it on input line 16.
LaTeX Font Info:    ... okay on input line 16.
LaTeX Font Info:    Checking defaults for OMS/cmsy/m/n on input line 16.
LaTeX Font Info:    ... okay on input line 16.
LaTeX Font Info:    Checking defaults for OT1/cmr/m/n on input line 16.
LaTeX Font Info:    ... okay on input line 16.
LaTeX Font Info:    Checking defaults for T1/cmr/m/n on input line 16.
LaTeX Font Info:    ... okay on input line 16.
LaTeX Font Info:    Checking defaults for TS1/cmr/m/n on input line 16.
LaTeX Font Info:    ... okay on input line 16.
LaTeX Font Info:    Checking defaults for OMX/cmex/m/n on input line 16.
LaTeX Font Info:    ... okay on input line 16.
LaTeX Font Info:    Checking defaults for U/cmr/m/n on input line 16.
LaTeX Font Info:    ... okay on input line 16.
LaTeX Font Info:    Checking defaults for PD1/pdf/m/n on input line 16.
LaTeX Font Info:    ... okay on input line 16.
LaTeX Font Info:    Checking defaults for PU/pdf/m/n on input line 16.
LaTeX Font Info:    ... okay on input line 16.
*geometry* driver: auto-detecting
*geometry* detected driver: pdftex
*geometry* verbose mode - [ preamble ] result:
* driver: pdftex
* paper: <default>
* layout: <same size as paper>
* layoutoffset:(h,v)=(0.0pt,0.0pt)
* modes: 
* h-part:(L,W,R)=(65.44133pt, 466.62521pt, 65.44133pt)
* v-part:(T,H,B)=(113.81102pt, 645.87756pt, 85.35826pt)
* \paperwidth=597.50787pt
* \paperheight=845.04684pt
* \textwidth=466.62521pt
* \textheight=645.87756pt
* \oddsidemargin=-6.82866pt
* \evensidemargin=-6.82866pt
* \topmargin=4.54103pt
* \headheight=12.0pt
* \headsep=25.0pt
* \topskip=11.0pt
* \footskip=30.0pt
* \marginparwidth=50.0pt
* \marginparsep=10.0pt
* \columnsep=10.0pt
* \skip\footins=10.0pt plus 4.0pt minus 2.0pt
* \hoffset=0.0pt
* \voffset=0.0pt
* \mag=1000
* \@twocolumnfalse
* \@twosidefalse
* \@mparswitchfalse
* \@reversemarginfalse
* (1in=72.27pt=25.4mm, 1cm=28.453pt)

(c:/texlive/2024/texmf-dist/tex/context/base/mkii/supp-pdf.mkii
[Loading MPS to PDF converter (version 2006.09.02).]
\scratchcounter=\count299
\scratchdimen=\dimen169
\scratchbox=\box56
\nofMPsegments=\count300
\nofMParguments=\count301
\everyMPshowfont=\toks33
\MPscratchCnt=\count302
\MPscratchDim=\dimen170
\MPnumerator=\count303
\makeMPintoPDFobject=\count304
\everyMPtoPDFconversion=\toks34
) (c:/texlive/2024/texmf-dist/tex/latex/epstopdf-pkg/epstopdf-base.sty
Package: epstopdf-base 2020-01-24 v2.11 Base part for package epstopdf
Package epstopdf-base Info: Redefining graphics rule for `.eps' on input line 485.
 (c:/texlive/2024/texmf-dist/tex/latex/latexconfig/epstopdf-sys.cfg
File: epstopdf-sys.cfg 2010/07/13 v1.3 Configuration of (r)epstopdf for TeX Live
)) (c:/texlive/2024/texmf-dist/tex/latex/graphics/color.sty
Package: color 2022/01/06 v1.3d Standard LaTeX Color (DPC)
 (c:/texlive/2024/texmf-dist/tex/latex/graphics-cfg/color.cfg
File: color.cfg 2016/01/02 v1.6 sample color configuration
)
Package color Info: Driver file: pdftex.def on input line 149.
 (c:/texlive/2024/texmf-dist/tex/latex/graphics/mathcolor.ltx))
Package hyperref Info: Link coloring ON on input line 16.
\@outlinefile=\write3
\openout3 = `Luis_Goerdes_Abgabe_Uebungsblatt6.out'.

\c@lstlisting=\count305
<Aufgabe6a.png, id=4, 1026.234pt x 781.11826pt>
File: Aufgabe6a.png Graphic file (type png)
<use Aufgabe6a.png>
Package pdftex.def Info: Aufgabe6a.png  used on input line 22.
(pdftex.def)             Requested size: 513.11574pt x 390.55817pt.

Overfull \hbox (46.49052pt too wide) in paragraph at lines 22--23
 [][] 
 []

g:/Meine Ablage/Studium/Master/Semester/1. Semester/Grundlagen der Blockchain-Technologie/Abgaben_Blockchain_Technologie/Grundlagen-der-Blockchain-Technologie/Uebungsblatt6/Luis_Goerdes_Abgabe_Uebungsblatt6.tex:23: ngerman: The command "\fi is undefined.
\grmn@dq@error ...and \dq \string #1 is undefined}
                                                  
l.23 ...30dbfde92c0d62584597094c436fc241278dbbdc"}
                                                  
Use `` for a simple double quote character.

g:/Meine Ablage/Studium/Master/Semester/1. Semester/Grundlagen der Blockchain-Technologie/Abgaben_Blockchain_Technologie/Grundlagen-der-Blockchain-Technologie/Uebungsblatt6/Luis_Goerdes_Abgabe_Uebungsblatt6.tex:23: ngerman: The command "\fi is undefined.
\grmn@dq@error ...and \dq \string #1 is undefined}
                                                  
l.23 ...30dbfde92c0d62584597094c436fc241278dbbdc"}
                                                  
Use `` for a simple double quote character.


Underfull \hbox (badness 10000) in paragraph at lines 23--23
[]\T1/cmr/m/n/10.95 Abbildung 1: []Verbindung: In den Screens be-fin-det sich auch die wal-let-adres-se
 []


Overfull \hbox (29.60243pt too wide) in paragraph at lines 28--29
[]\T1/cmr/m/n/10.95 a: Block-ID von Block 100: 0xae520d34ba0fc2febb5c178fa38edd13253bae0453d642ce9eeda839de62bc55 
 []


Overfull \hbox (54.13013pt too wide) in paragraph at lines 36--38
[]\T1/cmr/m/n/10.95 Transaktion ge-sen-det, TX Hash: 0x3aceb780483a821b8440272c5a10abf1e288d0f4c6ce5d0af3559d63e4d15f87
 []


Package fancyhdr Warning: \headheight is too small (12.0pt): 
(fancyhdr)                Make it at least 25.89063pt, for example:
(fancyhdr)                \setlength{\headheight}{25.89063pt}.
(fancyhdr)                You might also make \topmargin smaller to compensate:
(fancyhdr)                \addtolength{\topmargin}{-13.89063pt}.


LaTeX Warning: Reference `LastPage' on page 1 undefined on input line 124.

[1{c:/texlive/2024/texmf-var/fonts/map/pdftex/updmap/pdftex.map}{c:/texlive/2024/texmf-dist/fonts/enc/dvips/cm-super/cm-super-t1.enc}

 <./Aufgabe6a.png>]
Overfull \hbox (38.31921pt too wide) in paragraph at lines 127--192
[]\T1/cmr/m/n/10.95 0x81DA2B20434f175fbC391276b0FE47a25e17cc3A 0x16395AA7373D2b8E70fBd7fF671d2e9EC684220b
 []


Overfull \hbox (21.17676pt too wide) in paragraph at lines 127--192
\T1/cmr/m/n/10.95 0xb44ab6a5087E9AC57E38659e83b79beb136bFDE4 0x6Ee0Ce28B6c2ef19310199D10b28a655F81B67cd
 []


Overfull \hbox (24.34874pt too wide) in paragraph at lines 127--192
\T1/cmr/m/n/10.95 0xe57996010135d0f95DA34a9561dC8A2C8Df19806 0x681B3263D82F765e7C1606FD27b6F2c71C0c738E
 []


Overfull \hbox (15.8922pt too wide) in paragraph at lines 127--192
\T1/cmr/m/n/10.95 0x86f1bC295207edD8E924a45A80025cA585c2aEF3 0x5c1f1C66420C345a9308E193079C0b697df83C2b
 []


Overfull \hbox (35.67671pt too wide) in paragraph at lines 127--192
\T1/cmr/m/n/10.95 0xF2ECC24164Fe2A17CCBf7B8C9530851C1c2539BD 0x7e6eCEcC8c25Af9d99048857852FC7c267E05FF1
 []


Overfull \hbox (34.29852pt too wide) in paragraph at lines 127--192
\T1/cmr/m/n/10.95 0x56E1811E87AD2451AEFA1F2012BCc52E00f4aE8d 0xaA-DAf8f57411f98FCa791AfCfE3A2Af18ad9693D
 []


Overfull \hbox (15.43443pt too wide) in paragraph at lines 127--192
\T1/cmr/m/n/10.95 0x766C767d43301327562710B439CdEd28631520A4 0xd-fAA017794201F06B9106a6F4e9e74Ea4a3289f6
 []


Overfull \hbox (30.68959pt too wide) in paragraph at lines 127--192
\T1/cmr/m/n/10.95 0x9f2058ab760b64F8FF65A0905235e6DE271BEd54 0x58F65D396299840651EBEb1922b4118aDd18bCA3
 []


Overfull \hbox (16.0389pt too wide) in paragraph at lines 127--192
\T1/cmr/m/n/10.95 0xe036D218355E37a554788364fAc2387E9c8620e3 0x1DdE567676Fb709F87055dCDe8392Fac565764D3
 []


Overfull \hbox (2.89334pt too wide) in paragraph at lines 127--192
\T1/cmr/m/n/10.95 0x1A4781Ac9f4e8db7e9e8f61A85732fd4ECf64031 0xB005753eb31C9a2f8D6811F84f662a43525F70c9
 []


Overfull \hbox (9.69498pt too wide) in paragraph at lines 127--192
\T1/cmr/m/n/10.95 0x6599f3443736584CF65d5a75ec50Aca8BACf4b24 0x9fa66d087003a56136621d62a6Debe7174A0D785
 []


Overfull \hbox (18.75891pt too wide) in paragraph at lines 127--192
\T1/cmr/m/n/10.95 0x389387a51F2bd0D3480342edEb70F3718B1ccD85 0x0978f6BC202E9A6077027EC3fE6679996459c882
 []


Overfull \hbox (27.36209pt too wide) in paragraph at lines 127--192
\T1/cmr/m/n/10.95 0x82A70Da82Ba256FB659A4C5542f0794ddF017Da9 0x8fE3e103d19c6219FEb245A08D5247Ee789cbA44
 []


Overfull \hbox (17.54706pt too wide) in paragraph at lines 127--192
\T1/cmr/m/n/10.95 0x71bd80D967b430A401371b0b5fC23523A8fe63E7 0x2C640fe01e02F6bEd4fB3Cf3FFEe80a0069bCA2f
 []


Overfull \hbox (38.84392pt too wide) in paragraph at lines 127--192
\T1/cmr/m/n/10.95 0x9ede8ED921698D1529556C0f3e097881AA7FE6C4 0x1BBb703782b6B1A36B0ED58804e0ABa689C6B7a4
 []


Overfull \hbox (13.92024pt too wide) in paragraph at lines 127--192
\T1/cmr/m/n/10.95 0x23a296660c564543328E2E9A41d2B53ea0B52957 0x561742d8Fc1296e7B1095849ccFb319A58E6fF3E
 []


Overfull \hbox (31.14018pt too wide) in paragraph at lines 127--192
\T1/cmr/m/n/10.95 0x67dec5f473aC868D8dD7FA5222923cdB52518BfA 0x7C535356a1D720E1E750F113B6ad3db64DE7d84A
 []


Overfull \hbox (19.6626pt too wide) in paragraph at lines 127--192
\T1/cmr/m/n/10.95 0xcf175b4ECde6d9474d53F00f435853617e486E52 0xFAb7709C92dA2Dd76B42DEc3fEb060F6983a3016
 []


Overfull \hbox (15.88632pt too wide) in paragraph at lines 127--192
\T1/cmr/m/n/10.95 0x15defFB50BCc5f2174eafe9c65a123e15F08aA67 0xD4a55C82E3deCefC505B9f708E8E5326318D32dF
 []


Overfull \hbox (19.20767pt too wide) in paragraph at lines 127--192
\T1/cmr/m/n/10.95 0xFF794b6F41b8E128c281fD1c3E0E2dbdd198cCDc 0xF66E2f02fFd7A2d6e5B09ffb527B537020C22a8d
 []


Overfull \hbox (23.13548pt too wide) in paragraph at lines 127--192
\T1/cmr/m/n/10.95 0xbb18c37B8207b4C39afc5Dcfcc7bfCDa9913f88F 0x6A7BdCb04e142Bf05E3136CdA8A5027b83859E1D
 []


Overfull \hbox (13.31882pt too wide) in paragraph at lines 127--192
\T1/cmr/m/n/10.95 0xC4410Dc3c242F15615c840e2F155cA5c2D816e0c 0xA1242DfE34c231378012d4F8Ce6d321a28e9E3e2
 []


Overfull \hbox (6.97188pt too wide) in paragraph at lines 127--192
\T1/cmr/m/n/10.95 0x34a66Cfb692f39E3cDb97265b7a7Bcb3Dd201B78 0x9f0fe1f12C29f67FDe312155e5F6ffF1dE13Ad10
 []


Overfull \hbox (27.0688pt too wide) in paragraph at lines 127--192
\T1/cmr/m/n/10.95 0x13e6712B9Aa220F1BcBC1D81096a529715063b30 0xB420BB9BED92797353a003eC5bC9e45102e38674
 []


Overfull \hbox (38.69127pt too wide) in paragraph at lines 127--192
\T1/cmr/m/n/10.95 0xB9a44c20cCb20Ef40823b3513696699aDCFdAa0e 0xfC757A1D9D6800AC2389E40e7FA7aA038CBb3AD4
 []


Overfull \hbox (18.29807pt too wide) in paragraph at lines 127--192
\T1/cmr/m/n/10.95 0xB-cEFB96E92511338177Bfef682cBf559ceB99da5 0x0e273c0A2a75F6d464f36A9Dd3d7b69E8Eb896D1
 []


Overfull \hbox (28.87799pt too wide) in paragraph at lines 127--192
\T1/cmr/m/n/10.95 0x56Cb4746444b7294e49deBC5DbFe653BB97C666D 0x295A929A48F005Df98c6053c353E993136E4D2b4
 []


Overfull \hbox (26.91617pt too wide) in paragraph at lines 127--192
\T1/cmr/m/n/10.95 0x2711BF4003286C29ea19435dA9E1821f2969Ab34 0xadDb17678b075C4a71D3d978cD641D2be7d7F1Aa
 []


Overfull \hbox (15.2818pt too wide) in paragraph at lines 127--192
\T1/cmr/m/n/10.95 0xa08b415eff78b8380aFa8D9A4C3362C618918ff3 0xA599F151298F30fCC398cf5DE37EbCd226791DfF
 []


Overfull \hbox (16.94559pt too wide) in paragraph at lines 127--192
\T1/cmr/m/n/10.95 0x7F56f5520667F0991e7aCb84C10fD22DB1978528 0xE66E1eEbaBb70872Aa14F9e909720144c99ca792
 []


Overfull \hbox (9.09354pt too wide) in paragraph at lines 127--192
\T1/cmr/m/n/10.95 0x66674892C2614F07f5E703672c4fe6b7F53bF4Ce 0xa00E40582f008b5f74C4db8F3Cf2D3236F420350
 []


Overfull \hbox (13.32178pt too wide) in paragraph at lines 127--192
\T1/cmr/m/n/10.95 0x8508f82987c8eF3Faae9D4b2D8F8d35423D8c7af 0x86108547aBa62C591B8CD3a6439321B67207357f
 []


Package fancyhdr Warning: \headheight is too small (12.0pt): 
(fancyhdr)                Make it at least 25.89063pt, for example:
(fancyhdr)                \setlength{\headheight}{25.89063pt}.
(fancyhdr)                You might also make \topmargin smaller to compensate:
(fancyhdr)                \addtolength{\topmargin}{-13.89063pt}.


LaTeX Warning: Reference `LastPage' on page 2 undefined on input line 192.

[2]
LaTeX Font Info:    Trying to load font information for T1+cmtt on input line 194.
 (c:/texlive/2024/texmf-dist/tex/latex/base/t1cmtt.fd
File: t1cmtt.fd 2023/04/13 v2.5m Standard LaTeX font definitions
)

Package fancyhdr Warning: \headheight is too small (12.0pt): 
(fancyhdr)                Make it at least 25.89063pt, for example:
(fancyhdr)                \setlength{\headheight}{25.89063pt}.
(fancyhdr)                You might also make \topmargin smaller to compensate:
(fancyhdr)                \addtolength{\topmargin}{-13.89063pt}.


LaTeX Warning: Reference `LastPage' on page 3 undefined on input line 399.

[3]
Overfull \hbox (8.67795pt too wide) in paragraph at lines 399--399
[]        \T1/cmtt/m/n/10.95 # Betrag und Gaslimit festlegen (hier wird kein Ether übertragen, nur Daten)[] 
 []


Package fancyhdr Warning: \headheight is too small (12.0pt): 
(fancyhdr)                Make it at least 25.89063pt, for example:
(fancyhdr)                \setlength{\headheight}{25.89063pt}.
(fancyhdr)                You might also make \topmargin smaller to compensate:
(fancyhdr)                \addtolength{\topmargin}{-13.89063pt}.


LaTeX Warning: Reference `LastPage' on page 4 undefined on input line 399.

[4]

Package fancyhdr Warning: \headheight is too small (12.0pt): 
(fancyhdr)                Make it at least 25.89063pt, for example:
(fancyhdr)                \setlength{\headheight}{25.89063pt}.
(fancyhdr)                You might also make \topmargin smaller to compensate:
(fancyhdr)                \addtolength{\topmargin}{-13.89063pt}.


LaTeX Warning: Reference `LastPage' on page 5 undefined on input line 399.

[5]
Overfull \hbox (3.01958pt too wide) in paragraph at lines 399--399
[]                    \T1/cmtt/m/n/10.95 print(f"Fehler beim Extrahieren des Public Keys für Transaktion[] 
 []


Overfull \hbox (31.31143pt too wide) in paragraph at lines 399--399
[]        \T1/cmtt/m/n/10.95 private_key = "da5718ac70daadfe1faf1e55d27dbebc917e7f88430b6b892f967712c029802a"[] 
 []


Overfull \hbox (8.67795pt too wide) in paragraph at lines 399--399
[]            \T1/cmtt/m/n/10.95 print(f"Fehler: Die berechnete Adresse {calculated_address} stimmt nicht[] 
 []


Overfull \hbox (14.33632pt too wide) in paragraph at lines 399--399
[]        \T1/cmtt/m/n/10.95 print(f"Berechnete Adresse aus dem privaten Schlüssel: {calculated_address}")[] 
 []


Overfull \hbox (42.62817pt too wide) in paragraph at lines 399--399
[]        \T1/cmtt/m/n/10.95 print(f"Kontostand von {source_address}: {web3.from_wei(balance, 'ether')} Ether")[] 
 []


Overfull \hbox (3.01958pt too wide) in paragraph at lines 399--399
[]        \T1/cmtt/m/n/10.95 amount = web3.to_wei(0.01, 'ether')  # Beispiel: 0.01 Ether pro Transaktion[] 
 []


Package fancyhdr Warning: \headheight is too small (12.0pt): 
(fancyhdr)                Make it at least 25.89063pt, for example:
(fancyhdr)                \setlength{\headheight}{25.89063pt}.
(fancyhdr)                You might also make \topmargin smaller to compensate:
(fancyhdr)                \addtolength{\topmargin}{-13.89063pt}.


LaTeX Warning: Reference `LastPage' on page 6 undefined on input line 399.

[6]
Underfull \hbox (badness 10000) in paragraph at lines 402--403

 []


Package fancyhdr Warning: \headheight is too small (12.0pt): 
(fancyhdr)                Make it at least 25.89063pt, for example:
(fancyhdr)                \setlength{\headheight}{25.89063pt}.
(fancyhdr)                You might also make \topmargin smaller to compensate:
(fancyhdr)                \addtolength{\topmargin}{-13.89063pt}.


LaTeX Warning: Reference `LastPage' on page 7 undefined on input line 420.

[7]
Underfull \hbox (badness 10000) in paragraph at lines 441--442

 []


g:/Meine Ablage/Studium/Master/Semester/1. Semester/Grundlagen der Blockchain-Technologie/Abgaben_Blockchain_Technologie/Grundlagen-der-Blockchain-Technologie/Uebungsblatt6/Luis_Goerdes_Abgabe_Uebungsblatt6.tex:442: LaTeX Error: Lonely \item--perhaps a missing list environment.

See the LaTeX manual or LaTeX Companion for explanation.
Type  H <return>  for immediate help.
 ...                                              
                                                  
l.442     \item \textbf
                       {Jede Pure-Funktion ist eine View-Funktion.}
Try typing  <return>  to proceed.
If that doesn't work, type  X <return>  to quit.


Underfull \hbox (badness 10000) detected at line 442
[][]
 []


g:/Meine Ablage/Studium/Master/Semester/1. Semester/Grundlagen der Blockchain-Technologie/Abgaben_Blockchain_Technologie/Grundlagen-der-Blockchain-Technologie/Uebungsblatt6/Luis_Goerdes_Abgabe_Uebungsblatt6.tex:448: LaTeX Error: Lonely \item--perhaps a missing list environment.

See the LaTeX manual or LaTeX Companion for explanation.
Type  H <return>  for immediate help.
 ...                                              
                                                  
l.448     \item \textbf
                       {Eine Transaktion, die eine View-Funktion aufruft, ko...
Try typing  <return>  to proceed.
If that doesn't work, type  X <return>  to quit.


Underfull \hbox (badness 10000) detected at line 448
[][]
 []


g:/Meine Ablage/Studium/Master/Semester/1. Semester/Grundlagen der Blockchain-Technologie/Abgaben_Blockchain_Technologie/Grundlagen-der-Blockchain-Technologie/Uebungsblatt6/Luis_Goerdes_Abgabe_Uebungsblatt6.tex:454: LaTeX Error: Lonely \item--perhaps a missing list environment.

See the LaTeX manual or LaTeX Companion for explanation.
Type  H <return>  for immediate help.
 ...                                              
                                                  
l.454     \item \textbf
                       {In Ethereum kann ein Smart Contract keine Ether erha...
Try typing  <return>  to proceed.
If that doesn't work, type  X <return>  to quit.


Underfull \hbox (badness 10000) detected at line 454
[][]
 []


Package fancyhdr Warning: \headheight is too small (12.0pt): 
(fancyhdr)                Make it at least 25.89063pt, for example:
(fancyhdr)                \setlength{\headheight}{25.89063pt}.
(fancyhdr)                You might also make \topmargin smaller to compensate:
(fancyhdr)                \addtolength{\topmargin}{-13.89063pt}.


LaTeX Warning: Reference `LastPage' on page 8 undefined on input line 456.

[8]

g:/Meine Ablage/Studium/Master/Semester/1. Semester/Grundlagen der Blockchain-Technologie/Abgaben_Blockchain_Technologie/Grundlagen-der-Blockchain-Technologie/Uebungsblatt6/Luis_Goerdes_Abgabe_Uebungsblatt6.tex:460: LaTeX Error: Lonely \item--perhaps a missing list environment.

See the LaTeX manual or LaTeX Companion for explanation.
Type  H <return>  for immediate help.
 ...                                              
                                                  
l.460     \item \textbf
                       {Die Standard-Datentypen \texttt{int} und \texttt{uin...
Try typing  <return>  to proceed.
If that doesn't work, type  X <return>  to quit.


Underfull \hbox (badness 10000) detected at line 460
[][]
 []

LaTeX Font Info:    Font shape `T1/cmtt/bx/n' in size <10.95> not available
(Font)              Font shape `T1/cmtt/m/n' tried instead on input line 460.
LaTeX Font Info:    Trying to load font information for U+msa on input line 460.
(c:/texlive/2024/texmf-dist/tex/latex/amsfonts/umsa.fd
File: umsa.fd 2013/01/14 v3.01 AMS symbols A
)
LaTeX Font Info:    Trying to load font information for U+msb on input line 460.
 (c:/texlive/2024/texmf-dist/tex/latex/amsfonts/umsb.fd
File: umsb.fd 2013/01/14 v3.01 AMS symbols B
)

g:/Meine Ablage/Studium/Master/Semester/1. Semester/Grundlagen der Blockchain-Technologie/Abgaben_Blockchain_Technologie/Grundlagen-der-Blockchain-Technologie/Uebungsblatt6/Luis_Goerdes_Abgabe_Uebungsblatt6.tex:466: LaTeX Error: Lonely \item--perhaps a missing list environment.

See the LaTeX manual or LaTeX Companion for explanation.
Type  H <return>  for immediate help.
 ...                                              
                                                  
l.466     \item \textbf
                       {Wenn \texttt{msg.sender == tx.origin}, dann wurde di...
Try typing  <return>  to proceed.
If that doesn't work, type  X <return>  to quit.


Underfull \hbox (badness 10000) detected at line 466
[][]
 []


Package fancyhdr Warning: \headheight is too small (12.0pt): 
(fancyhdr)                Make it at least 25.89063pt, for example:
(fancyhdr)                \setlength{\headheight}{25.89063pt}.
(fancyhdr)                You might also make \topmargin smaller to compensate:
(fancyhdr)                \addtolength{\topmargin}{-13.89063pt}.


LaTeX Warning: Reference `LastPage' on page 9 undefined on input line 501.

[9{c:/texlive/2024/texmf-dist/fonts/enc/dvips/cm-super/cm-super-ts1.enc}]
Underfull \hbox (badness 10000) in paragraph at lines 541--542
[]\T1/cmr/bx/n/10.95 revert(): \T1/cmr/m/n/10.95 Wenn der \T1/cmtt/m/n/10.95 call \T1/cmr/m/n/10.95 fehl-ge-schla-gen ist (das heiÿt, wenn
 []


Package fancyhdr Warning: \headheight is too small (12.0pt): 
(fancyhdr)                Make it at least 25.89063pt, for example:
(fancyhdr)                \setlength{\headheight}{25.89063pt}.
(fancyhdr)                You might also make \topmargin smaller to compensate:
(fancyhdr)                \addtolength{\topmargin}{-13.89063pt}.


LaTeX Warning: Reference `LastPage' on page 10 undefined on input line 542.

[10]
Underfull \hbox (badness 10000) in paragraph at lines 561--562
[]\T1/cmr/m/n/10.95 Innerhalb der \T1/cmtt/m/n/10.95 withdraw \T1/cmr/m/n/10.95 Funk-ti-on er-reicht die Aus-füh-rung die Zei-le \T1/cmtt/m/n/10.95 if
 []


Package fancyhdr Warning: \headheight is too small (12.0pt): 
(fancyhdr)                Make it at least 25.89063pt, for example:
(fancyhdr)                \setlength{\headheight}{25.89063pt}.
(fancyhdr)                You might also make \topmargin smaller to compensate:
(fancyhdr)                \addtolength{\topmargin}{-13.89063pt}.


LaTeX Warning: Reference `LastPage' on page 11 undefined on input line 576.

[11]

Package fancyhdr Warning: \headheight is too small (12.0pt): 
(fancyhdr)                Make it at least 25.89063pt, for example:
(fancyhdr)                \setlength{\headheight}{25.89063pt}.
(fancyhdr)                You might also make \topmargin smaller to compensate:
(fancyhdr)                \addtolength{\topmargin}{-13.89063pt}.


LaTeX Warning: Reference `LastPage' on page 12 undefined on input line 650.

[12]
Overfull \hbox (14.33632pt too wide) in paragraph at lines 650--650
[]    \T1/cmtt/m/n/10.95 // Fallback function which is called when the target sends Ether to this contract[] 
 []

LaTeX Font Info:    Font shape `T1/cmtt/bx/n' in size <12> not available
(Font)              Font shape `T1/cmtt/m/n' tried instead on input line 663.

Package fancyhdr Warning: \headheight is too small (12.0pt): 
(fancyhdr)                Make it at least 25.89063pt, for example:
(fancyhdr)                \setlength{\headheight}{25.89063pt}.
(fancyhdr)                You might also make \topmargin smaller to compensate:
(fancyhdr)                \addtolength{\topmargin}{-13.89063pt}.


LaTeX Warning: Reference `LastPage' on page 13 undefined on input line 669.

[13] 
enddocument/afterlastpage: lastpage setting LastPage.
(./Luis_Goerdes_Abgabe_Uebungsblatt6.aux)
 ***********
LaTeX2e <2023-11-01> patch level 1
L3 programming layer <2024-03-14>
 ***********


LaTeX Warning: There were undefined references.


LaTeX Warning: Label(s) may have changed. Rerun to get cross-references right.


Package rerunfilecheck Warning: File `Luis_Goerdes_Abgabe_Uebungsblatt6.out' has changed.
(rerunfilecheck)                Rerun to get outlines right
(rerunfilecheck)                or use package `bookmark'.

Package rerunfilecheck Info: Checksums for `Luis_Goerdes_Abgabe_Uebungsblatt6.out':
(rerunfilecheck)             Before: <no file>
(rerunfilecheck)             After:  D41D8CD98F00B204E9800998ECF8427E;0.

Package lastpage Warning: Rerun to get the references right on input line 669.

 ) 
Here is how much of TeX's memory you used:
 12326 strings out of 474104
 185539 string characters out of 5747502
 1941496 words of memory out of 5000000
 34499 multiletter control sequences out of 15000+600000
 567466 words of font info for 62 fonts, out of 8000000 for 9000
 1141 hyphenation exceptions out of 8191
 85i,12n,79p,745b,648s stack positions out of 10000i,1000n,20000p,200000b,200000s
<c:/texlive/2024/texmf-dist/fonts/type1/public/amsfonts/cm/cmr10.pfb><c:/texlive/2024/texmf-dist/fonts/type1/public/amsfonts/cm/cmr8.pfb><c:/texlive/2024/texmf-dist/fonts/type1/public/cm-super/sfbx1095.pfb><c:/texlive/2024/texmf-dist/fonts/type1/public/cm-super/sfbx1200.pfb><c:/texlive/2024/texmf-dist/fonts/type1/public/cm-super/sfrm1095.pfb><c:/texlive/2024/texmf-dist/fonts/type1/public/cm-super/sfti1095.pfb><c:/texlive/2024/texmf-dist/fonts/type1/public/cm-super/sftt1095.pfb><c:/texlive/2024/texmf-dist/fonts/type1/public/cm-super/sftt1200.pfb>
Output written on Luis_Goerdes_Abgabe_Uebungsblatt6.pdf (13 pages, 366845 bytes).
PDF statistics:
 139 PDF objects out of 1000 (max. 8388607)
 103 compressed objects within 2 object streams
 34 named destinations out of 1000 (max. 500000)
 12 words of extra memory for PDF output out of 10000 (max. 10000000)

